<?xml version="1.0" encoding="UTF-8"?>
<!-- Generated by org.testng.reporters.JUnitReportReporter -->
<testsuite hostname="DESKTOP-MS6EFG8" failures="0" tests="2" name="test.DataDriverSample" time="0.339" errors="0" timestamp="2023-04-06T21:53:20 IST" skipped="1">
  <testcase classname="test.DataDriverSample" name="readFromExcel" time="0.339"/>
  <system-out/>
  <testcase classname="test.DataDriverSample" name="excelFileCreation">
    <skipped/>
  </testcase> <!-- excelFileCreation -->
  <system-out/>
</testsuite> <!-- test.DataDriverSample -->
