<?xml version="1.0" encoding="UTF-8"?>
<!-- Generated by org.testng.reporters.JUnitReportReporter -->
<testsuite hostname="DESKTOP-MS6EFG8" failures="0" tests="2" name="test.SimpleLaunch" time="0.443" errors="0" timestamp="2023-04-06T20:29:00 IST" skipped="0">
  <testcase classname="test.SimpleLaunch" name="handleWindowMethod" time="0.398"/>
  <system-out/>
  <testcase classname="test.SimpleLaunch" name="handleAlert" time="0.045"/>
  <system-out/>
</testsuite> <!-- test.SimpleLaunch -->
